<?xml version="1.0" encoding="UTF-8"?>
<!-- Generated by org.testng.reporters.JUnitReportReporter -->
<testsuite hostname="DESKTOP-2I8836A" failures="0" tests="1" name="com.jasmeet.naveenLabsAssignment.Assignment" time="13.574" errors="0" timestamp="15 Dec 2022 07:51:00 GMT" skipped="0">
  <testcase classname="com.jasmeet.naveenLabsAssignment.Assignment" name="verifyLoginTest" time="13.574"/>
</testsuite> <!-- com.jasmeet.naveenLabsAssignment.Assignment -->
